2016-04-04 15:31:29 Warning: DebugKit not enabled. You need to either install pdo_sqlite, or define the "debug_kit" connection name.
2016-04-05 06:03:52 Warning: DebugKit not enabled. You need to either install pdo_sqlite, or define the "debug_kit" connection name.
2016-04-05 06:03:52 Error: [PDOException] SQLSTATE[28000] [1045] Access denied for user 'web487'@'localhost' (using password: YES)
Request URL: /
Stack Trace:
#0 /home/markuslisa/cakeprojekt/vendor/cakephp/cakephp/src/Database/Driver/PDODriverTrait.php(48): PDO->__construct('mysql:host=loca...', 'web487', 'WdNzJ2aM', Array)
#1 /home/markuslisa/cakeprojekt/vendor/cakephp/cakephp/src/Database/Driver/Mysql.php(90): Cake\Database\Driver\Mysql->_connect('mysql:host=loca...', Array)
#2 /home/markuslisa/cakeprojekt/vendor/cakephp/cakephp/src/Database/Schema/BaseSchema.php(45): Cake\Database\Driver\Mysql->connect()
#3 /home/markuslisa/cakeprojekt/vendor/cakephp/cakephp/src/Database/Dialect/MysqlDialectTrait.php(63): Cake\Database\Schema\BaseSchema->__construct(Object(Cake\Database\Driver\Mysql))
#4 /home/markuslisa/cakeprojekt/vendor/cakephp/cakephp/src/Database/Schema/Collection.php(52): Cake\Database\Driver\Mysql->schemaDialect()
#5 /home/markuslisa/cakeprojekt/vendor/cakephp/cakephp/src/Database/Schema/CachedCollection.php(43): Cake\Database\Schema\Collection->__construct(Object(Cake\Database\Connection))
#6 /home/markuslisa/cakeprojekt/vendor/cakephp/cakephp/src/Database/Connection.php(315): Cake\Database\Schema\CachedCollection->__construct(Object(Cake\Database\Connection), true)
#7 /home/markuslisa/cakeprojekt/vendor/cakephp/cakephp/src/ORM/Table.php(422): Cake\Database\Connection->schemaCollection()
#8 /home/markuslisa/cakeprojekt/vendor/cakephp/cakephp/src/ORM/Query.php(173): Cake\ORM\Table->schema()
#9 /home/markuslisa/cakeprojekt/vendor/cakephp/cakephp/src/ORM/Query.php(131): Cake\ORM\Query->addDefaultTypes(Object(Cake\ORM\Table))
#10 /home/markuslisa/cakeprojekt/vendor/cakephp/cakephp/src/ORM/Table.php(1228): Cake\ORM\Query->__construct(Object(Cake\Database\Connection), Object(Cake\ORM\Table))
#11 /home/markuslisa/cakeprojekt/vendor/cakephp/cakephp/src/ORM/Table.php(931): Cake\ORM\Table->query()
#12 /home/markuslisa/cakeprojekt/src/Controller/BannersController.php(12): Cake\ORM\Table->find('all')
#13 [internal function]: App\Controller\BannersController->index()
#14 /home/markuslisa/cakeprojekt/vendor/cakephp/cakephp/src/Controller/Controller.php(429): call_user_func_array(Array, Array)
#15 /home/markuslisa/cakeprojekt/vendor/cakephp/cakephp/src/Routing/Dispatcher.php(114): Cake\Controller\Controller->invokeAction()
#16 /home/markuslisa/cakeprojekt/vendor/cakephp/cakephp/src/Routing/Dispatcher.php(87): Cake\Routing\Dispatcher->_invoke(Object(App\Controller\BannersController))
#17 /home/markuslisa/cakeprojekt/webroot/index.php(37): Cake\Routing\Dispatcher->dispatch(Object(Cake\Network\Request), Object(Cake\Network\Response))
#18 {main}


2016-04-05 06:05:12 Warning: DebugKit not enabled. You need to either install pdo_sqlite, or define the "debug_kit" connection name.
2016-04-05 06:05:12 Warning: Warning (512): Could not render cell - Cell view file "display" is missing. in [/home/markuslisa/cakeprojekt/vendor/cakephp/cakephp/src/View/Cell.php, line 233]
Trace:
Cake\Error\BaseErrorHandler::handleError() - CORE/src/Error/BaseErrorHandler.php, line 138
Cake\View\Cell::__toString() - CORE/src/View/Cell.php, line 233
include - APP/Template/Banners/index.ctp, line 2
Cake\View\View::_evaluate() - CORE/src/View/View.php, line 971
Cake\View\View::_render() - CORE/src/View/View.php, line 931
Cake\View\View::render() - CORE/src/View/View.php, line 579
Cake\Controller\Controller::render() - CORE/src/Controller/Controller.php, line 611
Cake\Routing\Dispatcher::_invoke() - CORE/src/Routing/Dispatcher.php, line 120
Cake\Routing\Dispatcher::dispatch() - CORE/src/Routing/Dispatcher.php, line 87
[main] - ROOT/webroot/index.php, line 37



2016-04-05 06:06:50 Warning: DebugKit not enabled. You need to either install pdo_sqlite, or define the "debug_kit" connection name.
2016-04-05 06:06:52 Warning: DebugKit not enabled. You need to either install pdo_sqlite, or define the "debug_kit" connection name.
2016-04-05 06:06:52 Warning: Warning (512): Could not render cell - Cell view file "display" is missing. in [/home/markuslisa/cakeprojekt/vendor/cakephp/cakephp/src/View/Cell.php, line 233]
Trace:
Cake\Error\BaseErrorHandler::handleError() - CORE/src/Error/BaseErrorHandler.php, line 138
Cake\View\Cell::__toString() - CORE/src/View/Cell.php, line 233
include - APP/Template/Banners/index.ctp, line 2
Cake\View\View::_evaluate() - CORE/src/View/View.php, line 971
Cake\View\View::_render() - CORE/src/View/View.php, line 931
Cake\View\View::render() - CORE/src/View/View.php, line 579
Cake\Controller\Controller::render() - CORE/src/Controller/Controller.php, line 611
Cake\Routing\Dispatcher::_invoke() - CORE/src/Routing/Dispatcher.php, line 120
Cake\Routing\Dispatcher::dispatch() - CORE/src/Routing/Dispatcher.php, line 87
[main] - ROOT/webroot/index.php, line 37



2016-04-05 06:26:48 Warning: DebugKit not enabled. You need to either install pdo_sqlite, or define the "debug_kit" connection name.
2016-04-05 06:27:05 Warning: DebugKit not enabled. You need to either install pdo_sqlite, or define the "debug_kit" connection name.
2016-04-05 06:27:05 Error: [Cake\Routing\Exception\MissingControllerException] Controller class Homes could not be found.
Exception Attributes: array (
  'class' => 'Homes',
  'plugin' => NULL,
  'prefix' => NULL,
  '_ext' => NULL,
)
Request URL: /Homes
Stack Trace:
#0 /home/markuslisa/cakeprojekt/webroot/index.php(37): Cake\Routing\Dispatcher->dispatch(Object(Cake\Network\Request), Object(Cake\Network\Response))
#1 {main}


2016-04-05 06:49:55 Warning: DebugKit not enabled. You need to either install pdo_sqlite, or define the "debug_kit" connection name.
2016-04-05 06:49:55 Warning: DebugKit not enabled. You need to either install pdo_sqlite, or define the "debug_kit" connection name.
2016-04-05 06:50:04 Warning: DebugKit not enabled. You need to either install pdo_sqlite, or define the "debug_kit" connection name.
2016-04-05 06:50:04 Error: [PDOException] SQLSTATE[28000] [1045] Access denied for user 'web487'@'localhost' (using password: YES)
Request URL: /users/add
Stack Trace:
#0 /home/markuslisa/cakeprojekt/vendor/cakephp/cakephp/src/Database/Driver/PDODriverTrait.php(48): PDO->__construct('mysql:host=loca...', 'web487', 'WdNzJ2aM', Array)
#1 /home/markuslisa/cakeprojekt/vendor/cakephp/cakephp/src/Database/Driver/Mysql.php(90): Cake\Database\Driver\Mysql->_connect('mysql:host=loca...', Array)
#2 /home/markuslisa/cakeprojekt/vendor/cakephp/cakephp/src/Database/Schema/BaseSchema.php(45): Cake\Database\Driver\Mysql->connect()
#3 /home/markuslisa/cakeprojekt/vendor/cakephp/cakephp/src/Database/Dialect/MysqlDialectTrait.php(63): Cake\Database\Schema\BaseSchema->__construct(Object(Cake\Database\Driver\Mysql))
#4 /home/markuslisa/cakeprojekt/vendor/cakephp/cakephp/src/Database/Schema/Collection.php(52): Cake\Database\Driver\Mysql->schemaDialect()
#5 /home/markuslisa/cakeprojekt/vendor/cakephp/cakephp/src/Database/Schema/CachedCollection.php(43): Cake\Database\Schema\Collection->__construct(Object(Cake\Database\Connection))
#6 /home/markuslisa/cakeprojekt/vendor/cakephp/cakephp/src/Database/Connection.php(315): Cake\Database\Schema\CachedCollection->__construct(Object(Cake\Database\Connection), true)
#7 /home/markuslisa/cakeprojekt/vendor/cakephp/cakephp/src/ORM/Table.php(422): Cake\Database\Connection->schemaCollection()
#8 /home/markuslisa/cakeprojekt/vendor/cakephp/cakephp/src/ORM/Table.php(499): Cake\ORM\Table->schema()
#9 /home/markuslisa/cakeprojekt/vendor/cakephp/cakephp/src/View/Form/EntityContext.php(171): Cake\ORM\Table->primaryKey()
#10 /home/markuslisa/cakeprojekt/vendor/cakephp/cakephp/src/View/Helper/FormHelper.php(1149): Cake\View\Form\EntityContext->isPrimaryKey('username')
#11 /home/markuslisa/cakeprojekt/vendor/cakephp/cakephp/src/View/Helper/FormHelper.php(1129): Cake\View\Helper\FormHelper->_inputType('username', Array)
#12 /home/markuslisa/cakeprojekt/vendor/cakephp/cakephp/src/View/Helper/FormHelper.php(987): Cake\View\Helper\FormHelper->_parseOptions('username', Array)
#13 /home/markuslisa/cakeprojekt/src/Template/Users/add.ctp(6): Cake\View\Helper\FormHelper->input('username')
#14 /home/markuslisa/cakeprojekt/vendor/cakephp/cakephp/src/View/View.php(971): include('/home/markuslis...')
#15 /home/markuslisa/cakeprojekt/vendor/cakephp/cakephp/src/View/View.php(931): Cake\View\View->_evaluate('/home/markuslis...', Array)
#16 /home/markuslisa/cakeprojekt/vendor/cakephp/cakephp/src/View/View.php(579): Cake\View\View->_render('/home/markuslis...')
#17 /home/markuslisa/cakeprojekt/vendor/cakephp/cakephp/src/Controller/Controller.php(611): Cake\View\View->render(NULL, NULL)
#18 /home/markuslisa/cakeprojekt/vendor/cakephp/cakephp/src/Routing/Dispatcher.php(120): Cake\Controller\Controller->render()
#19 /home/markuslisa/cakeprojekt/vendor/cakephp/cakephp/src/Routing/Dispatcher.php(87): Cake\Routing\Dispatcher->_invoke(Object(App\Controller\UsersController))
#20 /home/markuslisa/cakeprojekt/webroot/index.php(37): Cake\Routing\Dispatcher->dispatch(Object(Cake\Network\Request), Object(Cake\Network\Response))
#21 {main}


2016-04-05 11:26:28 Warning: DebugKit not enabled. You need to either install pdo_sqlite, or define the "debug_kit" connection name.
2016-04-05 11:26:29 Warning: DebugKit not enabled. You need to either install pdo_sqlite, or define the "debug_kit" connection name.
2016-04-05 11:28:05 Warning: DebugKit not enabled. You need to either install pdo_sqlite, or define the "debug_kit" connection name.
2016-04-05 11:28:16 Warning: DebugKit not enabled. You need to either install pdo_sqlite, or define the "debug_kit" connection name.
2016-04-05 11:28:16 Error: [PDOException] SQLSTATE[28000] [1045] Access denied for user 'web487'@'localhost' (using password: YES)
Request URL: /users/login
Stack Trace:
#0 /home/markuslisa/cakeprojekt/vendor/cakephp/cakephp/src/Database/Driver/PDODriverTrait.php(48): PDO->__construct('mysql:host=loca...', 'web487', 'WdNzJ2aM', Array)
#1 /home/markuslisa/cakeprojekt/vendor/cakephp/cakephp/src/Database/Driver/Mysql.php(90): Cake\Database\Driver\Mysql->_connect('mysql:host=loca...', Array)
#2 /home/markuslisa/cakeprojekt/vendor/cakephp/cakephp/src/Database/Schema/BaseSchema.php(45): Cake\Database\Driver\Mysql->connect()
#3 /home/markuslisa/cakeprojekt/vendor/cakephp/cakephp/src/Database/Dialect/MysqlDialectTrait.php(63): Cake\Database\Schema\BaseSchema->__construct(Object(Cake\Database\Driver\Mysql))
#4 /home/markuslisa/cakeprojekt/vendor/cakephp/cakephp/src/Database/Schema/Collection.php(52): Cake\Database\Driver\Mysql->schemaDialect()
#5 /home/markuslisa/cakeprojekt/vendor/cakephp/cakephp/src/Database/Schema/CachedCollection.php(43): Cake\Database\Schema\Collection->__construct(Object(Cake\Database\Connection))
#6 /home/markuslisa/cakeprojekt/vendor/cakephp/cakephp/src/Database/Connection.php(315): Cake\Database\Schema\CachedCollection->__construct(Object(Cake\Database\Connection), true)
#7 /home/markuslisa/cakeprojekt/vendor/cakephp/cakephp/src/ORM/Table.php(422): Cake\Database\Connection->schemaCollection()
#8 /home/markuslisa/cakeprojekt/vendor/cakephp/cakephp/src/ORM/Query.php(173): Cake\ORM\Table->schema()
#9 /home/markuslisa/cakeprojekt/vendor/cakephp/cakephp/src/ORM/Query.php(131): Cake\ORM\Query->addDefaultTypes(Object(App\Model\Table\UsersTable))
#10 /home/markuslisa/cakeprojekt/vendor/cakephp/cakephp/src/ORM/Table.php(1228): Cake\ORM\Query->__construct(Object(Cake\Database\Connection), Object(App\Model\Table\UsersTable))
#11 /home/markuslisa/cakeprojekt/vendor/cakephp/cakephp/src/ORM/Table.php(931): Cake\ORM\Table->query()
#12 /home/markuslisa/cakeprojekt/vendor/cakephp/cakephp/src/Auth/BaseAuthenticate.php(147): Cake\ORM\Table->find('all', Array)
#13 /home/markuslisa/cakeprojekt/vendor/cakephp/cakephp/src/Auth/BaseAuthenticate.php(105): Cake\Auth\BaseAuthenticate->_query('markus')
#14 /home/markuslisa/cakeprojekt/vendor/cakephp/cakephp/src/Auth/FormAuthenticate.php(77): Cake\Auth\BaseAuthenticate->_findUser('markus', '12345')
#15 /home/markuslisa/cakeprojekt/vendor/cakephp/cakephp/src/Controller/Component/AuthComponent.php(764): Cake\Auth\FormAuthenticate->authenticate(Object(Cake\Network\Request), Object(Cake\Network\Response))
#16 /home/markuslisa/cakeprojekt/src/Controller/UsersController.php(21): Cake\Controller\Component\AuthComponent->identify()
#17 [internal function]: App\Controller\UsersController->login()
#18 /home/markuslisa/cakeprojekt/vendor/cakephp/cakephp/src/Controller/Controller.php(429): call_user_func_array(Array, Array)
#19 /home/markuslisa/cakeprojekt/vendor/cakephp/cakephp/src/Routing/Dispatcher.php(114): Cake\Controller\Controller->invokeAction()
#20 /home/markuslisa/cakeprojekt/vendor/cakephp/cakephp/src/Routing/Dispatcher.php(87): Cake\Routing\Dispatcher->_invoke(Object(App\Controller\UsersController))
#21 /home/markuslisa/cakeprojekt/webroot/index.php(37): Cake\Routing\Dispatcher->dispatch(Object(Cake\Network\Request), Object(Cake\Network\Response))
#22 {main}


2016-04-05 11:28:43 Warning: DebugKit not enabled. You need to either install pdo_sqlite, or define the "debug_kit" connection name.
2016-04-05 11:28:44 Warning: DebugKit not enabled. You need to either install pdo_sqlite, or define the "debug_kit" connection name.
2016-04-05 11:28:44 Error: [PDOException] SQLSTATE[28000] [1045] Access denied for user 'web487'@'localhost' (using password: YES)
Request URL: /users/add
Stack Trace:
#0 /home/markuslisa/cakeprojekt/vendor/cakephp/cakephp/src/Database/Driver/PDODriverTrait.php(48): PDO->__construct('mysql:host=loca...', 'web487', 'WdNzJ2aM', Array)
#1 /home/markuslisa/cakeprojekt/vendor/cakephp/cakephp/src/Database/Driver/Mysql.php(90): Cake\Database\Driver\Mysql->_connect('mysql:host=loca...', Array)
#2 /home/markuslisa/cakeprojekt/vendor/cakephp/cakephp/src/Database/Schema/BaseSchema.php(45): Cake\Database\Driver\Mysql->connect()
#3 /home/markuslisa/cakeprojekt/vendor/cakephp/cakephp/src/Database/Dialect/MysqlDialectTrait.php(63): Cake\Database\Schema\BaseSchema->__construct(Object(Cake\Database\Driver\Mysql))
#4 /home/markuslisa/cakeprojekt/vendor/cakephp/cakephp/src/Database/Schema/Collection.php(52): Cake\Database\Driver\Mysql->schemaDialect()
#5 /home/markuslisa/cakeprojekt/vendor/cakephp/cakephp/src/Database/Schema/CachedCollection.php(43): Cake\Database\Schema\Collection->__construct(Object(Cake\Database\Connection))
#6 /home/markuslisa/cakeprojekt/vendor/cakephp/cakephp/src/Database/Connection.php(315): Cake\Database\Schema\CachedCollection->__construct(Object(Cake\Database\Connection), true)
#7 /home/markuslisa/cakeprojekt/vendor/cakephp/cakephp/src/ORM/Table.php(422): Cake\Database\Connection->schemaCollection()
#8 /home/markuslisa/cakeprojekt/vendor/cakephp/cakephp/src/ORM/Table.php(499): Cake\ORM\Table->schema()
#9 /home/markuslisa/cakeprojekt/vendor/cakephp/cakephp/src/View/Form/EntityContext.php(171): Cake\ORM\Table->primaryKey()
#10 /home/markuslisa/cakeprojekt/vendor/cakephp/cakephp/src/View/Helper/FormHelper.php(1149): Cake\View\Form\EntityContext->isPrimaryKey('username')
#11 /home/markuslisa/cakeprojekt/vendor/cakephp/cakephp/src/View/Helper/FormHelper.php(1129): Cake\View\Helper\FormHelper->_inputType('username', Array)
#12 /home/markuslisa/cakeprojekt/vendor/cakephp/cakephp/src/View/Helper/FormHelper.php(987): Cake\View\Helper\FormHelper->_parseOptions('username', Array)
#13 /home/markuslisa/cakeprojekt/src/Template/Users/add.ctp(6): Cake\View\Helper\FormHelper->input('username')
#14 /home/markuslisa/cakeprojekt/vendor/cakephp/cakephp/src/View/View.php(971): include('/home/markuslis...')
#15 /home/markuslisa/cakeprojekt/vendor/cakephp/cakephp/src/View/View.php(931): Cake\View\View->_evaluate('/home/markuslis...', Array)
#16 /home/markuslisa/cakeprojekt/vendor/cakephp/cakephp/src/View/View.php(579): Cake\View\View->_render('/home/markuslis...')
#17 /home/markuslisa/cakeprojekt/vendor/cakephp/cakephp/src/Controller/Controller.php(611): Cake\View\View->render(NULL, NULL)
#18 /home/markuslisa/cakeprojekt/vendor/cakephp/cakephp/src/Routing/Dispatcher.php(120): Cake\Controller\Controller->render()
#19 /home/markuslisa/cakeprojekt/vendor/cakephp/cakephp/src/Routing/Dispatcher.php(87): Cake\Routing\Dispatcher->_invoke(Object(App\Controller\UsersController))
#20 /home/markuslisa/cakeprojekt/webroot/index.php(37): Cake\Routing\Dispatcher->dispatch(Object(Cake\Network\Request), Object(Cake\Network\Response))
#21 {main}


2016-04-05 11:28:50 Warning: DebugKit not enabled. You need to either install pdo_sqlite, or define the "debug_kit" connection name.
2016-04-05 11:28:51 Warning: DebugKit not enabled. You need to either install pdo_sqlite, or define the "debug_kit" connection name.
2016-04-05 11:28:55 Warning: DebugKit not enabled. You need to either install pdo_sqlite, or define the "debug_kit" connection name.
2016-04-05 11:28:55 Warning: DebugKit not enabled. You need to either install pdo_sqlite, or define the "debug_kit" connection name.
2016-04-05 11:56:31 Warning: DebugKit not enabled. You need to either install pdo_sqlite, or define the "debug_kit" connection name.
2016-04-05 11:56:31 Warning: DebugKit not enabled. You need to either install pdo_sqlite, or define the "debug_kit" connection name.
2016-04-05 11:56:37 Warning: DebugKit not enabled. You need to either install pdo_sqlite, or define the "debug_kit" connection name.
2016-04-05 11:56:37 Warning: DebugKit not enabled. You need to either install pdo_sqlite, or define the "debug_kit" connection name.
2016-04-05 11:56:42 Warning: DebugKit not enabled. You need to either install pdo_sqlite, or define the "debug_kit" connection name.
2016-04-05 11:57:10 Warning: DebugKit not enabled. You need to either install pdo_sqlite, or define the "debug_kit" connection name.
2016-04-05 11:57:51 Warning: DebugKit not enabled. You need to either install pdo_sqlite, or define the "debug_kit" connection name.
2016-04-05 11:58:09 Warning: DebugKit not enabled. You need to either install pdo_sqlite, or define the "debug_kit" connection name.
2016-04-05 11:58:18 Warning: DebugKit not enabled. You need to either install pdo_sqlite, or define the "debug_kit" connection name.
2016-04-05 11:58:41 Warning: DebugKit not enabled. You need to either install pdo_sqlite, or define the "debug_kit" connection name.
2016-04-05 11:58:49 Warning: DebugKit not enabled. You need to either install pdo_sqlite, or define the "debug_kit" connection name.
2016-04-05 11:59:20 Warning: DebugKit not enabled. You need to either install pdo_sqlite, or define the "debug_kit" connection name.
2016-04-05 11:59:21 Warning: DebugKit not enabled. You need to either install pdo_sqlite, or define the "debug_kit" connection name.
2016-04-05 11:59:26 Warning: DebugKit not enabled. You need to either install pdo_sqlite, or define the "debug_kit" connection name.
2016-04-05 12:00:24 Warning: DebugKit not enabled. You need to either install pdo_sqlite, or define the "debug_kit" connection name.
2016-04-05 12:02:53 Warning: DebugKit not enabled. You need to either install pdo_sqlite, or define the "debug_kit" connection name.
2016-04-05 12:03:34 Warning: DebugKit not enabled. You need to either install pdo_sqlite, or define the "debug_kit" connection name.
2016-04-05 12:05:02 Warning: DebugKit not enabled. You need to either install pdo_sqlite, or define the "debug_kit" connection name.
2016-04-05 12:06:15 Warning: DebugKit not enabled. You need to either install pdo_sqlite, or define the "debug_kit" connection name.
2016-04-05 12:06:31 Warning: DebugKit not enabled. You need to either install pdo_sqlite, or define the "debug_kit" connection name.
2016-04-05 12:06:56 Warning: DebugKit not enabled. You need to either install pdo_sqlite, or define the "debug_kit" connection name.
2016-04-05 12:07:37 Warning: DebugKit not enabled. You need to either install pdo_sqlite, or define the "debug_kit" connection name.
2016-04-05 12:07:43 Warning: DebugKit not enabled. You need to either install pdo_sqlite, or define the "debug_kit" connection name.
2016-04-05 12:08:28 Warning: DebugKit not enabled. You need to either install pdo_sqlite, or define the "debug_kit" connection name.
2016-04-05 12:08:40 Warning: DebugKit not enabled. You need to either install pdo_sqlite, or define the "debug_kit" connection name.
2016-04-05 12:09:26 Warning: DebugKit not enabled. You need to either install pdo_sqlite, or define the "debug_kit" connection name.
2016-04-05 12:10:13 Warning: DebugKit not enabled. You need to either install pdo_sqlite, or define the "debug_kit" connection name.
2016-04-05 12:10:50 Warning: DebugKit not enabled. You need to either install pdo_sqlite, or define the "debug_kit" connection name.
2016-04-05 12:11:01 Warning: DebugKit not enabled. You need to either install pdo_sqlite, or define the "debug_kit" connection name.
2016-04-05 12:11:01 Warning: DebugKit not enabled. You need to either install pdo_sqlite, or define the "debug_kit" connection name.
2016-04-05 12:11:36 Warning: DebugKit not enabled. You need to either install pdo_sqlite, or define the "debug_kit" connection name.
2016-04-05 12:12:06 Warning: DebugKit not enabled. You need to either install pdo_sqlite, or define the "debug_kit" connection name.
2016-04-05 12:12:27 Warning: DebugKit not enabled. You need to either install pdo_sqlite, or define the "debug_kit" connection name.
2016-04-05 12:12:39 Warning: DebugKit not enabled. You need to either install pdo_sqlite, or define the "debug_kit" connection name.
2016-04-05 12:12:40 Warning: DebugKit not enabled. You need to either install pdo_sqlite, or define the "debug_kit" connection name.
2016-04-05 12:12:43 Warning: DebugKit not enabled. You need to either install pdo_sqlite, or define the "debug_kit" connection name.
2016-04-05 12:12:49 Warning: DebugKit not enabled. You need to either install pdo_sqlite, or define the "debug_kit" connection name.
2016-04-05 12:12:51 Warning: DebugKit not enabled. You need to either install pdo_sqlite, or define the "debug_kit" connection name.
2016-04-05 12:12:52 Warning: DebugKit not enabled. You need to either install pdo_sqlite, or define the "debug_kit" connection name.
2016-04-05 12:12:54 Warning: DebugKit not enabled. You need to either install pdo_sqlite, or define the "debug_kit" connection name.
2016-04-05 12:12:56 Warning: DebugKit not enabled. You need to either install pdo_sqlite, or define the "debug_kit" connection name.
2016-04-05 12:13:16 Warning: DebugKit not enabled. You need to either install pdo_sqlite, or define the "debug_kit" connection name.
2016-04-05 12:13:38 Warning: DebugKit not enabled. You need to either install pdo_sqlite, or define the "debug_kit" connection name.
